<Channel>
<name>Channel 1</name>
<speakingLength>0.064014</speakingLength>
<totalSpeakingLength>0.064014</totalSpeakingLength>
<totalSpeakingLengthNoUtterances>0</totalSpeakingLengthNoUtterances>
<totalSpeakingInterrupts>0</totalSpeakingInterrupts>
<totalSpeakingSuccessfulInterrupts>0</totalSpeakingSuccessfulInterrupts>
<totalSpeakingUnsuccessfulInterrupts>0</totalSpeakingUnsuccessfulInterrupts>
<dominancePercentage>100</dominancePercentage>
<isDominant>1</isDominant>
</Channel>

<Channel>
<name>Channel 1</name>
<speakingLength>0.128037</speakingLength>
<totalSpeakingLength>0.192051</totalSpeakingLength>
<totalSpeakingLengthNoUtterances>0</totalSpeakingLengthNoUtterances>
<totalSpeakingInterrupts>0</totalSpeakingInterrupts>
<totalSpeakingSuccessfulInterrupts>0</totalSpeakingSuccessfulInterrupts>
<totalSpeakingUnsuccessfulInterrupts>0</totalSpeakingUnsuccessfulInterrupts>
<dominancePercentage>100</dominancePercentage>
<isDominant>1</isDominant>
</Channel>

<MultiPartySpeech>
<Channel>
<name>Channel 1</name>
<speakingLength>0.800133</speakingLength>
<totalSpeakingLength>0.800133</totalSpeakingLength>
<totalSpeakingLengthNoUtterances>0</totalSpeakingLengthNoUtterances>
<totalSpeakingInterrupts>0</totalSpeakingInterrupts>
<totalSpeakingSuccessfulInterrupts>0</totalSpeakingSuccessfulInterrupts>
<totalSpeakingUnsuccessfulInterrupts>0</totalSpeakingUnsuccessfulInterrupts>
<dominancePercentage>100</dominancePercentage>
<isDominant>1</isDominant>
</Channel>

</MultiPartySpeech>
<MultiPartySpeech>
<Channel>
<name>Channel 1</name>
<speakingLength>0.992162</speakingLength>
<totalSpeakingLength>1.79229</totalSpeakingLength>
<totalSpeakingLengthNoUtterances>0</totalSpeakingLengthNoUtterances>
<totalSpeakingInterrupts>0</totalSpeakingInterrupts>
<totalSpeakingSuccessfulInterrupts>0</totalSpeakingSuccessfulInterrupts>
<totalSpeakingUnsuccessfulInterrupts>0</totalSpeakingUnsuccessfulInterrupts>
<dominancePercentage>100</dominancePercentage>
<isDominant>1</isDominant>
</Channel>

</MultiPartySpeech>
<MultiPartySpeech>
<Channel>
<name>Channel 1</name>
<speakingLength>1.34423</speakingLength>
<totalSpeakingLength>3.13652</totalSpeakingLength>
<totalSpeakingLengthNoUtterances>1.34423</totalSpeakingLengthNoUtterances>
<totalSpeakingInterrupts>0</totalSpeakingInterrupts>
<totalSpeakingSuccessfulInterrupts>0</totalSpeakingSuccessfulInterrupts>
<totalSpeakingUnsuccessfulInterrupts>0</totalSpeakingUnsuccessfulInterrupts>
<dominancePercentage>100</dominancePercentage>
<isDominant>1</isDominant>
</Channel>

</MultiPartySpeech>
<MultiPartySpeech>
<Channel>
<name>Channel 1</name>
<speakingLength>1.21621</speakingLength>
<totalSpeakingLength>4.35273</totalSpeakingLength>
<totalSpeakingLengthNoUtterances>2.56044</totalSpeakingLengthNoUtterances>
<totalSpeakingInterrupts>0</totalSpeakingInterrupts>
<totalSpeakingSuccessfulInterrupts>0</totalSpeakingSuccessfulInterrupts>
<totalSpeakingUnsuccessfulInterrupts>0</totalSpeakingUnsuccessfulInterrupts>
<dominancePercentage>100</dominancePercentage>
<isDominant>1</isDominant>
</Channel>

</MultiPartySpeech>
<MultiPartySpeech>
<Channel>
<name>Channel 1</name>
<speakingLength>0.96015</speakingLength>
<totalSpeakingLength>0.96015</totalSpeakingLength>
<totalSpeakingLengthNoUtterances>0</totalSpeakingLengthNoUtterances>
<totalSpeakingInterrupts>0</totalSpeakingInterrupts>
<totalSpeakingSuccessfulInterrupts>0</totalSpeakingSuccessfulInterrupts>
<totalSpeakingUnsuccessfulInterrupts>0</totalSpeakingUnsuccessfulInterrupts>
<dominancePercentage>100</dominancePercentage>
<isDominant>1</isDominant>
</Channel>

</MultiPartySpeech>
<MultiPartySpeech>
<Channel>
<name>Channel 1</name>
<speakingLength>1.0882</speakingLength>
<totalSpeakingLength>2.04835</totalSpeakingLength>
<totalSpeakingLengthNoUtterances>1.0882</totalSpeakingLengthNoUtterances>
<totalSpeakingInterrupts>0</totalSpeakingInterrupts>
<totalSpeakingSuccessfulInterrupts>0</totalSpeakingSuccessfulInterrupts>
<totalSpeakingUnsuccessfulInterrupts>0</totalSpeakingUnsuccessfulInterrupts>
<dominancePercentage>100</dominancePercentage>
<isDominant>1</isDominant>
</Channel>

</MultiPartySpeech>
<MultiPartySpeech>
<Channel>
<name>Channel 1</name>
<speakingLength>1.15208</speakingLength>
<totalSpeakingLength>1.15208</totalSpeakingLength>
<totalSpeakingLengthNoUtterances>1.15208</totalSpeakingLengthNoUtterances>
<totalSpeakingInterrupts>0</totalSpeakingInterrupts>
<totalSpeakingSuccessfulInterrupts>0</totalSpeakingSuccessfulInterrupts>
<totalSpeakingUnsuccessfulInterrupts>0</totalSpeakingUnsuccessfulInterrupts>
<dominancePercentage>100</dominancePercentage>
<isDominant>1</isDominant>
</Channel>

</MultiPartySpeech>
<MultiPartySpeech>
<Channel>
<name>Channel 1</name>
<speakingLength>0.192003</speakingLength>
<totalSpeakingLength>1.34409</totalSpeakingLength>
<totalSpeakingLengthNoUtterances>1.15208</totalSpeakingLengthNoUtterances>
<totalSpeakingInterrupts>0</totalSpeakingInterrupts>
<totalSpeakingSuccessfulInterrupts>0</totalSpeakingSuccessfulInterrupts>
<totalSpeakingUnsuccessfulInterrupts>0</totalSpeakingUnsuccessfulInterrupts>
<dominancePercentage>100</dominancePercentage>
<isDominant>1</isDominant>
</Channel>

</MultiPartySpeech>
<MultiPartySpeech>
<Channel>
<name>Channel 1</name>
<speakingLength>0.320025</speakingLength>
<totalSpeakingLength>1.66411</totalSpeakingLength>
<totalSpeakingLengthNoUtterances>1.15208</totalSpeakingLengthNoUtterances>
<totalSpeakingInterrupts>0</totalSpeakingInterrupts>
<totalSpeakingSuccessfulInterrupts>0</totalSpeakingSuccessfulInterrupts>
<totalSpeakingUnsuccessfulInterrupts>0</totalSpeakingUnsuccessfulInterrupts>
<dominancePercentage>100</dominancePercentage>
<isDominant>1</isDominant>
</Channel>

</MultiPartySpeech>
<MultiPartySpeech>
<Channel>
<name>Channel 1</name>
<speakingLength>0.864069</speakingLength>
<totalSpeakingLength>2.52818</totalSpeakingLength>
<totalSpeakingLengthNoUtterances>1.15208</totalSpeakingLengthNoUtterances>
<totalSpeakingInterrupts>0</totalSpeakingInterrupts>
<totalSpeakingSuccessfulInterrupts>0</totalSpeakingSuccessfulInterrupts>
<totalSpeakingUnsuccessfulInterrupts>0</totalSpeakingUnsuccessfulInterrupts>
<dominancePercentage>100</dominancePercentage>
<isDominant>1</isDominant>
</Channel>

</MultiPartySpeech>
<MultiPartySpeech>
<Channel>
<name>Channel 1</name>
<speakingLength>0.512049</speakingLength>
<totalSpeakingLength>3.04023</totalSpeakingLength>
<totalSpeakingLengthNoUtterances>1.15208</totalSpeakingLengthNoUtterances>
<totalSpeakingInterrupts>0</totalSpeakingInterrupts>
<totalSpeakingSuccessfulInterrupts>0</totalSpeakingSuccessfulInterrupts>
<totalSpeakingUnsuccessfulInterrupts>0</totalSpeakingUnsuccessfulInterrupts>
<dominancePercentage>100</dominancePercentage>
<isDominant>1</isDominant>
</Channel>

</MultiPartySpeech>
<MultiPartySpeech>
<Channel>
<name>Channel 1</name>
<speakingLength>2.35563</speakingLength>
<totalSpeakingLength>5.39586</totalSpeakingLength>
<totalSpeakingLengthNoUtterances>3.50771</totalSpeakingLengthNoUtterances>
<totalSpeakingInterrupts>0</totalSpeakingInterrupts>
<totalSpeakingSuccessfulInterrupts>0</totalSpeakingSuccessfulInterrupts>
<totalSpeakingUnsuccessfulInterrupts>0</totalSpeakingUnsuccessfulInterrupts>
<dominancePercentage>100</dominancePercentage>
<isDominant>1</isDominant>
</Channel>

</MultiPartySpeech>
<MultiPartySpeech>
<Channel>
<name>Channel 1</name>
<speakingLength>0.992085</speakingLength>
<totalSpeakingLength>0.992085</totalSpeakingLength>
<totalSpeakingLengthNoUtterances>0</totalSpeakingLengthNoUtterances>
<totalSpeakingInterrupts>0</totalSpeakingInterrupts>
<totalSpeakingSuccessfulInterrupts>0</totalSpeakingSuccessfulInterrupts>
<totalSpeakingUnsuccessfulInterrupts>0</totalSpeakingUnsuccessfulInterrupts>
<dominancePercentage>100</dominancePercentage>
<isDominant>1</isDominant>
</Channel>

</MultiPartySpeech>
<MultiPartySpeech>
<Channel>
<name>Channel 1</name>
<speakingLength>0.800098</speakingLength>
<totalSpeakingLength>1.79218</totalSpeakingLength>
<totalSpeakingLengthNoUtterances>0</totalSpeakingLengthNoUtterances>
<totalSpeakingInterrupts>0</totalSpeakingInterrupts>
<totalSpeakingSuccessfulInterrupts>0</totalSpeakingSuccessfulInterrupts>
<totalSpeakingUnsuccessfulInterrupts>0</totalSpeakingUnsuccessfulInterrupts>
<dominancePercentage>100</dominancePercentage>
<isDominant>1</isDominant>
</Channel>

</MultiPartySpeech>
<MultiPartySpeech>
<Channel>
<name>Channel 1</name>
<speakingLength>3.48827</speakingLength>
<totalSpeakingLength>5.28045</totalSpeakingLength>
<totalSpeakingLengthNoUtterances>3.48827</totalSpeakingLengthNoUtterances>
<totalSpeakingInterrupts>0</totalSpeakingInterrupts>
<totalSpeakingSuccessfulInterrupts>0</totalSpeakingSuccessfulInterrupts>
<totalSpeakingUnsuccessfulInterrupts>0</totalSpeakingUnsuccessfulInterrupts>
<dominancePercentage>100</dominancePercentage>
<isDominant>1</isDominant>
</Channel>

</MultiPartySpeech>
<MultiPartySpeech>
<Channel>
<name>Channel 1</name>
<speakingLength>0.192014</speakingLength>
<totalSpeakingLength>5.47247</totalSpeakingLength>
<totalSpeakingLengthNoUtterances>3.48827</totalSpeakingLengthNoUtterances>
<totalSpeakingInterrupts>0</totalSpeakingInterrupts>
<totalSpeakingSuccessfulInterrupts>0</totalSpeakingSuccessfulInterrupts>
<totalSpeakingUnsuccessfulInterrupts>0</totalSpeakingUnsuccessfulInterrupts>
<dominancePercentage>100</dominancePercentage>
<isDominant>1</isDominant>
</Channel>

</MultiPartySpeech>
<MultiPartySpeech>
<Channel>
<name>Channel 1</name>
<speakingLength>1.24807</speakingLength>
<totalSpeakingLength>6.72054</totalSpeakingLength>
<totalSpeakingLengthNoUtterances>4.73634</totalSpeakingLengthNoUtterances>
<totalSpeakingInterrupts>0</totalSpeakingInterrupts>
<totalSpeakingSuccessfulInterrupts>0</totalSpeakingSuccessfulInterrupts>
<totalSpeakingUnsuccessfulInterrupts>0</totalSpeakingUnsuccessfulInterrupts>
<dominancePercentage>100</dominancePercentage>
<isDominant>1</isDominant>
</Channel>

</MultiPartySpeech>
<MultiPartySpeech>
<Channel>
<name>Channel 1</name>
<speakingLength>1.4081</speakingLength>
<totalSpeakingLength>8.12864</totalSpeakingLength>
<totalSpeakingLengthNoUtterances>6.14444</totalSpeakingLengthNoUtterances>
<totalSpeakingInterrupts>0</totalSpeakingInterrupts>
<totalSpeakingSuccessfulInterrupts>0</totalSpeakingSuccessfulInterrupts>
<totalSpeakingUnsuccessfulInterrupts>0</totalSpeakingUnsuccessfulInterrupts>
<dominancePercentage>100</dominancePercentage>
<isDominant>1</isDominant>
</Channel>

</MultiPartySpeech>
<MultiPartySpeech>
<Channel>
<name>Channel 1</name>
<speakingLength>2.08018</speakingLength>
<totalSpeakingLength>2.08018</totalSpeakingLength>
<totalSpeakingLengthNoUtterances>2.08018</totalSpeakingLengthNoUtterances>
<totalSpeakingInterrupts>0</totalSpeakingInterrupts>
<totalSpeakingSuccessfulInterrupts>0</totalSpeakingSuccessfulInterrupts>
<totalSpeakingUnsuccessfulInterrupts>0</totalSpeakingUnsuccessfulInterrupts>
<dominancePercentage>100</dominancePercentage>
<isDominant>1</isDominant>
</Channel>
</MultiPartySpeech>

<MultiPartySpeech>
<Channel>
<name>Channel 1</name>
<speakingLength>1.0881</speakingLength>
<totalSpeakingLength>1.0881</totalSpeakingLength>
<totalSpeakingLengthNoUtterances>1.0881</totalSpeakingLengthNoUtterances>
<totalSpeakingInterrupts>0</totalSpeakingInterrupts>
<totalSpeakingSuccessfulInterrupts>0</totalSpeakingSuccessfulInterrupts>
<totalSpeakingUnsuccessfulInterrupts>0</totalSpeakingUnsuccessfulInterrupts>
<dominancePercentage>100</dominancePercentage>
<isDominant>1</isDominant>
</Channel>
</MultiPartySpeech>

<MultiPartySpeech>
<Channel>
<name>Channel 1</name>
<speakingLength>0.768067</speakingLength>
<totalSpeakingLength>1.85616</totalSpeakingLength>
<totalSpeakingLengthNoUtterances>1.0881</totalSpeakingLengthNoUtterances>
<totalSpeakingInterrupts>0</totalSpeakingInterrupts>
<totalSpeakingSuccessfulInterrupts>0</totalSpeakingSuccessfulInterrupts>
<totalSpeakingUnsuccessfulInterrupts>0</totalSpeakingUnsuccessfulInterrupts>
<dominancePercentage>100</dominancePercentage>
<isDominant>1</isDominant>
</Channel>
</MultiPartySpeech>

<MultiPartySpeech>
<Channel>
<name>Channel 1</name>
<speakingLength>0.960081</speakingLength>
<totalSpeakingLength>0.960081</totalSpeakingLength>
<totalSpeakingLengthNoUtterances>0</totalSpeakingLengthNoUtterances>
<totalSpeakingInterrupts>0</totalSpeakingInterrupts>
<totalSpeakingSuccessfulInterrupts>0</totalSpeakingSuccessfulInterrupts>
<totalSpeakingUnsuccessfulInterrupts>0</totalSpeakingUnsuccessfulInterrupts>
<dominancePercentage>100</dominancePercentage>
<isDominant>1</isDominant>
</Channel>
</MultiPartySpeech>

<MultiPartySpeech>
<Channel>
<name>Channel 1</name>
<speakingLength>0.86407</speakingLength>
<totalSpeakingLength>1.82415</totalSpeakingLength>
<totalSpeakingLengthNoUtterances>0</totalSpeakingLengthNoUtterances>
<totalSpeakingInterrupts>0</totalSpeakingInterrupts>
<totalSpeakingSuccessfulInterrupts>0</totalSpeakingSuccessfulInterrupts>
<totalSpeakingUnsuccessfulInterrupts>0</totalSpeakingUnsuccessfulInterrupts>
<dominancePercentage>100</dominancePercentage>
<isDominant>1</isDominant>
</Channel>
</MultiPartySpeech>

<MultiPartySpeech>
<Channel>
<name>Channel 1</name>
<speakingLength>0.256035</speakingLength>
<totalSpeakingLength>2.08019</totalSpeakingLength>
<totalSpeakingLengthNoUtterances>0</totalSpeakingLengthNoUtterances>
<totalSpeakingInterrupts>0</totalSpeakingInterrupts>
<totalSpeakingSuccessfulInterrupts>0</totalSpeakingSuccessfulInterrupts>
<totalSpeakingUnsuccessfulInterrupts>0</totalSpeakingUnsuccessfulInterrupts>
<dominancePercentage>100</dominancePercentage>
<isDominant>1</isDominant>
</Channel>
</MultiPartySpeech>

<MultiPartySpeech>
<Channel>
<name>Channel 1</name>
<speakingLength>0.064007</speakingLength>
<totalSpeakingLength>2.14419</totalSpeakingLength>
<totalSpeakingLengthNoUtterances>0</totalSpeakingLengthNoUtterances>
<totalSpeakingInterrupts>0</totalSpeakingInterrupts>
<totalSpeakingSuccessfulInterrupts>0</totalSpeakingSuccessfulInterrupts>
<totalSpeakingUnsuccessfulInterrupts>0</totalSpeakingUnsuccessfulInterrupts>
<dominancePercentage>100</dominancePercentage>
<isDominant>1</isDominant>
</Channel>
</MultiPartySpeech>

<MultiPartySpeech>
<Channel>
<name>Channel 1</name>
<speakingLength>2.01618</speakingLength>
<totalSpeakingLength>4.16037</totalSpeakingLength>
<totalSpeakingLengthNoUtterances>2.01618</totalSpeakingLengthNoUtterances>
<totalSpeakingInterrupts>0</totalSpeakingInterrupts>
<totalSpeakingSuccessfulInterrupts>0</totalSpeakingSuccessfulInterrupts>
<totalSpeakingUnsuccessfulInterrupts>0</totalSpeakingUnsuccessfulInterrupts>
<dominancePercentage>100</dominancePercentage>
<isDominant>1</isDominant>
</Channel>
</MultiPartySpeech>

<MultiPartySpeech>
<Channel>
<name>Channel 1</name>
<speakingLength>0.928085</speakingLength>
<totalSpeakingLength>0.928085</totalSpeakingLength>
<totalSpeakingLengthNoUtterances>0</totalSpeakingLengthNoUtterances>
<totalSpeakingInterrupts>0</totalSpeakingInterrupts>
<totalSpeakingSuccessfulInterrupts>0</totalSpeakingSuccessfulInterrupts>
<totalSpeakingUnsuccessfulInterrupts>0</totalSpeakingUnsuccessfulInterrupts>
<dominancePercentage>100</dominancePercentage>
<isDominant>1</isDominant>
</Channel>
</MultiPartySpeech>

<MultiPartySpeech>
<Channel>
<name>Channel 1</name>
<speakingLength>1.66415</speakingLength>
<totalSpeakingLength>2.59223</totalSpeakingLength>
<totalSpeakingLengthNoUtterances>1.66415</totalSpeakingLengthNoUtterances>
<totalSpeakingInterrupts>0</totalSpeakingInterrupts>
<totalSpeakingSuccessfulInterrupts>0</totalSpeakingSuccessfulInterrupts>
<totalSpeakingUnsuccessfulInterrupts>0</totalSpeakingUnsuccessfulInterrupts>
<dominancePercentage>100</dominancePercentage>
<isDominant>1</isDominant>
</Channel>
</MultiPartySpeech>

<MultiPartySpeech>
<Channel>
<name>Channel 1</name>
<speakingLength>1.44012</speakingLength>
<totalSpeakingLength>4.03235</totalSpeakingLength>
<totalSpeakingLengthNoUtterances>3.10427</totalSpeakingLengthNoUtterances>
<totalSpeakingInterrupts>0</totalSpeakingInterrupts>
<totalSpeakingSuccessfulInterrupts>0</totalSpeakingSuccessfulInterrupts>
<totalSpeakingUnsuccessfulInterrupts>0</totalSpeakingUnsuccessfulInterrupts>
<dominancePercentage>100</dominancePercentage>
<isDominant>1</isDominant>
</Channel>
</MultiPartySpeech>

<MultiPartySpeech>
<Channel>
<name>Channel 1</name>
<speakingLength>0.384033</speakingLength>
<totalSpeakingLength>4.41639</totalSpeakingLength>
<totalSpeakingLengthNoUtterances>3.10427</totalSpeakingLengthNoUtterances>
<totalSpeakingInterrupts>0</totalSpeakingInterrupts>
<totalSpeakingSuccessfulInterrupts>0</totalSpeakingSuccessfulInterrupts>
<totalSpeakingUnsuccessfulInterrupts>0</totalSpeakingUnsuccessfulInterrupts>
<dominancePercentage>100</dominancePercentage>
<isDominant>1</isDominant>
</Channel>
</MultiPartySpeech>

<MultiPartySpeech>
<Channel>
<name>Channel 1</name>
<speakingLength>0.864075</speakingLength>
<totalSpeakingLength>0.864075</totalSpeakingLength>
<totalSpeakingLengthNoUtterances>0</totalSpeakingLengthNoUtterances>
<totalSpeakingInterrupts>0</totalSpeakingInterrupts>
<totalSpeakingSuccessfulInterrupts>0</totalSpeakingSuccessfulInterrupts>
<totalSpeakingUnsuccessfulInterrupts>0</totalSpeakingUnsuccessfulInterrupts>
<dominancePercentage>100</dominancePercentage>
<isDominant>1</isDominant>
</Channel>
</MultiPartySpeech>

<MultiPartySpeech>
<Channel>
<name>Channel 1</name>
<speakingLength>0.640056</speakingLength>
<totalSpeakingLength>1.50413</totalSpeakingLength>
<totalSpeakingLengthNoUtterances>0</totalSpeakingLengthNoUtterances>
<totalSpeakingInterrupts>0</totalSpeakingInterrupts>
<totalSpeakingSuccessfulInterrupts>0</totalSpeakingSuccessfulInterrupts>
<totalSpeakingUnsuccessfulInterrupts>0</totalSpeakingUnsuccessfulInterrupts>
<dominancePercentage>100</dominancePercentage>
<isDominant>1</isDominant>
</Channel>
</MultiPartySpeech>

<MultiPartySpeech>
<Channel>
<name>Channel 1</name>
<speakingLength>0.320061</speakingLength>
<totalSpeakingLength>0.320061</totalSpeakingLength>
<totalSpeakingLengthNoUtterances>0</totalSpeakingLengthNoUtterances>
<totalSpeakingInterrupts>0</totalSpeakingInterrupts>
<totalSpeakingSuccessfulInterrupts>0</totalSpeakingSuccessfulInterrupts>
<totalSpeakingUnsuccessfulInterrupts>0</totalSpeakingUnsuccessfulInterrupts>
<dominancePercentage>-nan</dominancePercentage>
<isDominant>0</isDominant>
</Channel>
</MultiPartySpeech>

<MultiPartySpeech>
<Channel>
<name>Channel 1</name>
<speakingLength>0.60799</speakingLength>
<totalSpeakingLength>0.928051</totalSpeakingLength>
<totalSpeakingLengthNoUtterances>0</totalSpeakingLengthNoUtterances>
<totalSpeakingInterrupts>0</totalSpeakingInterrupts>
<totalSpeakingSuccessfulInterrupts>0</totalSpeakingSuccessfulInterrupts>
<totalSpeakingUnsuccessfulInterrupts>0</totalSpeakingUnsuccessfulInterrupts>
<dominancePercentage>-nan</dominancePercentage>
<isDominant>0</isDominant>
</Channel>
</MultiPartySpeech>

<MultiPartySpeech>
<Channel>
<name>Channel 1</name>
<speakingLength>0.576052</speakingLength>
<totalSpeakingLength>1.5041</totalSpeakingLength>
<totalSpeakingLengthNoUtterances>0</totalSpeakingLengthNoUtterances>
<totalSpeakingInterrupts>0</totalSpeakingInterrupts>
<totalSpeakingSuccessfulInterrupts>0</totalSpeakingSuccessfulInterrupts>
<totalSpeakingUnsuccessfulInterrupts>0</totalSpeakingUnsuccessfulInterrupts>
<dominancePercentage>-nan</dominancePercentage>
<isDominant>0</isDominant>
</Channel>
</MultiPartySpeech>

<MultiPartySpeech>
<Channel>
<name>Channel 1</name>
<speakingLength>1.1521</speakingLength>
<totalSpeakingLength>2.6562</totalSpeakingLength>
<totalSpeakingLengthNoUtterances>1.1521</totalSpeakingLengthNoUtterances>
<totalSpeakingInterrupts>0</totalSpeakingInterrupts>
<totalSpeakingSuccessfulInterrupts>0</totalSpeakingSuccessfulInterrupts>
<totalSpeakingUnsuccessfulInterrupts>0</totalSpeakingUnsuccessfulInterrupts>
<dominancePercentage>-nan</dominancePercentage>
<isDominant>0</isDominant>
</Channel>
</MultiPartySpeech>

<MultiPartySpeech>
<Channel>
<name>Channel 1</name>
<speakingLength>0.832106</speakingLength>
<totalSpeakingLength>3.48831</totalSpeakingLength>
<totalSpeakingLengthNoUtterances>1.1521</totalSpeakingLengthNoUtterances>
<totalSpeakingInterrupts>0</totalSpeakingInterrupts>
<totalSpeakingSuccessfulInterrupts>0</totalSpeakingSuccessfulInterrupts>
<totalSpeakingUnsuccessfulInterrupts>0</totalSpeakingUnsuccessfulInterrupts>
<dominancePercentage>-nan</dominancePercentage>
<isDominant>0</isDominant>
</Channel>
</MultiPartySpeech>

<MultiPartySpeech>
<Channel>
<name>Channel 1</name>
<speakingLength>0.448042</speakingLength>
<totalSpeakingLength>0.448042</totalSpeakingLength>
<totalSpeakingLengthNoUtterances>0</totalSpeakingLengthNoUtterances>
<totalSpeakingInterrupts>0</totalSpeakingInterrupts>
<totalSpeakingSuccessfulInterrupts>0</totalSpeakingSuccessfulInterrupts>
<totalSpeakingUnsuccessfulInterrupts>0</totalSpeakingUnsuccessfulInterrupts>
<dominancePercentage>-nan</dominancePercentage>
<isDominant>0</isDominant>
</Channel>
</MultiPartySpeech>

<MultiPartySpeech>
<Channel>
<name>Channel 1</name>
<speakingLength>3.23229</speakingLength>
<totalSpeakingLength>3.68033</totalSpeakingLength>
<totalSpeakingLengthNoUtterances>3.23229</totalSpeakingLengthNoUtterances>
<totalSpeakingInterrupts>0</totalSpeakingInterrupts>
<totalSpeakingSuccessfulInterrupts>0</totalSpeakingSuccessfulInterrupts>
<totalSpeakingUnsuccessfulInterrupts>0</totalSpeakingUnsuccessfulInterrupts>
<dominancePercentage>-nan</dominancePercentage>
<isDominant>0</isDominant>
</Channel>
</MultiPartySpeech>

<MultiPartySpeech>
<Channel>
<name>Channel 1</name>
<speakingLength>0.128013</speakingLength>
<totalSpeakingLength>3.80835</totalSpeakingLength>
<totalSpeakingLengthNoUtterances>3.23229</totalSpeakingLengthNoUtterances>
<totalSpeakingInterrupts>0</totalSpeakingInterrupts>
<totalSpeakingSuccessfulInterrupts>0</totalSpeakingSuccessfulInterrupts>
<totalSpeakingUnsuccessfulInterrupts>0</totalSpeakingUnsuccessfulInterrupts>
<dominancePercentage>-nan</dominancePercentage>
<isDominant>0</isDominant>
</Channel>
</MultiPartySpeech>

<MultiPartySpeech>
<Channel>
<name>Channel 1</name>
<speakingLength>6.36855</speakingLength>
<totalSpeakingLength>10.1769</totalSpeakingLength>
<totalSpeakingLengthNoUtterances>9.60084</totalSpeakingLengthNoUtterances>
<totalSpeakingInterrupts>0</totalSpeakingInterrupts>
<totalSpeakingSuccessfulInterrupts>0</totalSpeakingSuccessfulInterrupts>
<totalSpeakingUnsuccessfulInterrupts>0</totalSpeakingUnsuccessfulInterrupts>
<dominancePercentage>-nan</dominancePercentage>
<isDominant>0</isDominant>
</Channel>
</MultiPartySpeech>

<MultiPartySpeech>
<Channel>
<name>Channel 1</name>
<speakingLength>12.4491</speakingLength>
<totalSpeakingLength>12.4491</totalSpeakingLength>
<totalSpeakingLengthNoUtterances>12.4491</totalSpeakingLengthNoUtterances>
<totalSpeakingInterrupts>0</totalSpeakingInterrupts>
<totalSpeakingSuccessfulInterrupts>0</totalSpeakingSuccessfulInterrupts>
<totalSpeakingUnsuccessfulInterrupts>0</totalSpeakingUnsuccessfulInterrupts>
<dominancePercentage>-nan</dominancePercentage>
<isDominant>0</isDominant>
</Channel>
</MultiPartySpeech>

<MultiPartySpeech>
<Channel>
<name>Channel 1</name>
<speakingLength>0.288021</speakingLength>
<totalSpeakingLength>12.7371</totalSpeakingLength>
<totalSpeakingLengthNoUtterances>12.4491</totalSpeakingLengthNoUtterances>
<totalSpeakingInterrupts>0</totalSpeakingInterrupts>
<totalSpeakingSuccessfulInterrupts>0</totalSpeakingSuccessfulInterrupts>
<totalSpeakingUnsuccessfulInterrupts>0</totalSpeakingUnsuccessfulInterrupts>
<dominancePercentage>-nan</dominancePercentage>
<isDominant>0</isDominant>
</Channel>
</MultiPartySpeech>

<MultiPartySpeech>
<Channel>
<name>Channel 1</name>
<speakingLength>0.800067</speakingLength>
<totalSpeakingLength>13.5372</totalSpeakingLength>
<totalSpeakingLengthNoUtterances>12.4491</totalSpeakingLengthNoUtterances>
<totalSpeakingInterrupts>0</totalSpeakingInterrupts>
<totalSpeakingSuccessfulInterrupts>0</totalSpeakingSuccessfulInterrupts>
<totalSpeakingUnsuccessfulInterrupts>0</totalSpeakingUnsuccessfulInterrupts>
<dominancePercentage>-nan</dominancePercentage>
<isDominant>0</isDominant>
</Channel>
</MultiPartySpeech>

